<?xml version="1.0" encoding="UTF-8"?>
<testsuite xmlns:xsi="http://www.w3.org/2001/XMLSchema-instance" xsi:noNamespaceSchemaLocation="https://maven.apache.org/surefire/maven-surefire-plugin/xsd/surefire-test-report-3.0.xsd" version="3.0" name="mrc.graph.CycleDetectorTest" time="0.054" tests="7" errors="0" skipped="0" failures="0">
  <properties>
[...]
</properties>
  <testcase name="testEmptyGraph" classname="mrc.graph.CycleDetectorTest" time="0.001"/>
  <testcase name="testNoCycles_StrictlyIncreasing" classname="mrc.graph.CycleDetectorTest" time="0.002"/>
  <testcase name="testSingleCycle_Arithmetic" classname="mrc.graph.CycleDetectorTest" time="0.004"/>
  <testcase name="testCyclesByNode" classname="mrc.graph.CycleDetectorTest" time="0.002"/>
  <testcase name="testMultipleCycles_Ranked" classname="mrc.graph.CycleDetectorTest" time="0.002"/>
  <testcase name="testTopCycles" classname="mrc.graph.CycleDetectorTest" time="0.002"/>
  <testcase name="testNoCrash_RandomInput" classname="mrc.graph.CycleDetectorTest" time="0.023"/>
</testsuite>